[debug] [2021-05-16T12:01:39.114Z] ----------------------------------------------------------------------
[debug] [2021-05-16T12:01:39.116Z] Command:       C:\Program Files\nodejs\node.exe C:\Users\X1\AppData\Roaming\npm\node_modules\firebase-tools\lib\bin\firebase.js init
[debug] [2021-05-16T12:01:39.116Z] CLI Version:   9.10.2
[debug] [2021-05-16T12:01:39.116Z] Platform:      win32
[debug] [2021-05-16T12:01:39.116Z] Node Version:  v12.18.2
[debug] [2021-05-16T12:01:39.117Z] Time:          Sun May 16 2021 17:31:39 GMT+0530 (India Standard Time)
[debug] [2021-05-16T12:01:39.117Z] ----------------------------------------------------------------------
[debug] 
[debug] [2021-05-16T12:01:39.122Z] > command requires scopes: ["email","openid","https://www.googleapis.com/auth/cloudplatformprojects.readonly","https://www.googleapis.com/auth/firebase","https://www.googleapis.com/auth/cloud-platform"]
[debug] [2021-05-16T12:01:39.122Z] > authorizing via signed-in user (aashishpeepra.ap@gmail.com)
[info] 
     ######## #### ########  ######## ########     ###     ######  ########
     ##        ##  ##     ## ##       ##     ##  ##   ##  ##       ##
     ######    ##  ########  ######   ########  #########  ######  ######
     ##        ##  ##    ##  ##       ##     ## ##     ##       ## ##
     ##       #### ##     ## ######## ########  ##     ##  ######  ########

You're about to initialize a Firebase project in this directory:

  E:\hackathon\SMS-Your-Management-Partner

[info] 
=== Project Setup
[info] 
[info] First, let's associate this project directory with a Firebase project.
[info] You can create multiple project aliases by running firebase use --add, 
[info] but for now we'll just set up a default project.
[info] 
[debug] [2021-05-16T12:01:43.999Z] >>> [apiv2][query] GET https://firebase.googleapis.com/v1beta1/projects pageSize=100
[debug] [2021-05-16T12:01:44.776Z] <<< [apiv2][status] GET https://firebase.googleapis.com/v1beta1/projects 200
[debug] [2021-05-16T12:01:44.776Z] <<< [apiv2][body] GET https://firebase.googleapis.com/v1beta1/projects [omitted]
[info] i  Using project infobucket-3a101 (infobucket) 
[info] 
=== Hosting Setup
[info] 
[info] Your public directory is the folder (relative to your project directory) that
[info] will contain Hosting assets to be uploaded with firebase deploy. If you
[info] have a build process for your assets, use your build's output directory.
[info] 
